<?xml version="1.0" encoding="UTF-8"?>
<testng-results ignored="0" total="1" passed="1" failed="0" skipped="0">
  <reporter-output>
  </reporter-output>
  <suite started-at="2021-04-10T12:16:56 COT" name="Default suite" finished-at="2021-04-10T12:17:16 COT" duration-ms="19771">
    <groups>
      <group name="cucumber">
        <method signature="AbstractTestNGCucumberTests.feature(cucumber.api.testng.CucumberFeatureWrapper)[pri:0, instance:RunCucumberTest@503d687a]" name="feature" class="cucumber.api.testng.AbstractTestNGCucumberTests"/>
      </group> <!-- cucumber -->
    </groups>
    <test started-at="2021-04-10T12:16:56 COT" name="Default test" finished-at="2021-04-10T12:17:16 COT" duration-ms="19771">
      <class name="RunCucumberTest">
        <test-method is-config="true" signature="setUpClass()[pri:0, instance:RunCucumberTest@503d687a]" started-at="2021-04-10T12:16:56 COT" name="setUpClass" finished-at="2021-04-10T12:16:56 COT" duration-ms="475" status="PASS">
          <reporter-output>
          </reporter-output>
        </test-method> <!-- setUpClass -->
        <test-method signature="feature(cucumber.api.testng.CucumberFeatureWrapper)[pri:0, instance:RunCucumberTest@503d687a]" started-at="2021-04-10T12:16:57 COT" name="feature" description="Runs Cucumber Feature" data-provider="features" finished-at="2021-04-10T12:17:16 COT" duration-ms="19052" status="PASS">
          <params>
            <param index="0">
              <value>
                <![CDATA[]]>
              </value>
            </param>
          </params>
          <reporter-output>
          </reporter-output>
        </test-method> <!-- feature -->
        <test-method is-config="true" signature="tearDownClass()[pri:0, instance:RunCucumberTest@503d687a]" started-at="2021-04-10T12:17:16 COT" name="tearDownClass" finished-at="2021-04-10T12:17:16 COT" duration-ms="37" status="PASS">
          <reporter-output>
          </reporter-output>
        </test-method> <!-- tearDownClass -->
      </class> <!-- RunCucumberTest -->
    </test> <!-- Default test -->
  </suite> <!-- Default suite -->
</testng-results>
